

Started GET "/" for 127.0.0.1 at 2014-01-04 15:43:59 -0200
Processing by Rails::WelcomeController#index as HTML
  Rendered /home/camila/.rvm/gems/ruby-1.9.3-p484/gems/railties-4.0.2/lib/rails/templates/rails/welcome/index.html.erb (20.5ms)
Completed 200 OK in 234ms (Views: 181.4ms | ActiveRecord: 0.0ms)


Started GET "/" for 127.0.0.1 at 2014-01-04 15:48:53 -0200
Processing by Rails::WelcomeController#index as HTML
  Rendered /home/camila/.rvm/gems/ruby-1.9.3-p484/gems/railties-4.0.2/lib/rails/templates/rails/welcome/index.html.erb (27.1ms)
Completed 200 OK in 208ms (Views: 155.2ms | ActiveRecord: 0.0ms)


Started GET "/index" for 127.0.0.1 at 2014-01-04 15:49:02 -0200

ActionController::RoutingError (No route matches [GET] "/index"):
  actionpack (4.0.2) lib/action_dispatch/middleware/debug_exceptions.rb:21:in `call'
  actionpack (4.0.2) lib/action_dispatch/middleware/show_exceptions.rb:30:in `call'
  railties (4.0.2) lib/rails/rack/logger.rb:38:in `call_app'
  railties (4.0.2) lib/rails/rack/logger.rb:20:in `block in call'
  activesupport (4.0.2) lib/active_support/tagged_logging.rb:67:in `block in tagged'
  activesupport (4.0.2) lib/active_support/tagged_logging.rb:25:in `tagged'
  activesupport (4.0.2) lib/active_support/tagged_logging.rb:67:in `tagged'
  railties (4.0.2) lib/rails/rack/logger.rb:20:in `call'
  actionpack (4.0.2) lib/action_dispatch/middleware/request_id.rb:21:in `call'
  rack (1.5.2) lib/rack/methodoverride.rb:21:in `call'
  rack (1.5.2) lib/rack/runtime.rb:17:in `call'
  activesupport (4.0.2) lib/active_support/cache/strategy/local_cache.rb:83:in `call'
  rack (1.5.2) lib/rack/lock.rb:17:in `call'
  actionpack (4.0.2) lib/action_dispatch/middleware/static.rb:64:in `call'
  rack (1.5.2) lib/rack/sendfile.rb:112:in `call'
  railties (4.0.2) lib/rails/engine.rb:511:in `call'
  railties (4.0.2) lib/rails/application.rb:97:in `call'
  rack (1.5.2) lib/rack/lock.rb:17:in `call'
  rack (1.5.2) lib/rack/content_length.rb:14:in `call'
  rack (1.5.2) lib/rack/handler/webrick.rb:60:in `service'
  /home/camila/.rvm/rubies/ruby-1.9.3-p484/lib/ruby/1.9.1/webrick/httpserver.rb:138:in `service'
  /home/camila/.rvm/rubies/ruby-1.9.3-p484/lib/ruby/1.9.1/webrick/httpserver.rb:94:in `run'
  /home/camila/.rvm/rubies/ruby-1.9.3-p484/lib/ruby/1.9.1/webrick/server.rb:191:in `block in start_thread'


  Rendered /home/camila/.rvm/gems/ruby-1.9.3-p484/gems/actionpack-4.0.2/lib/action_dispatch/middleware/templates/rescues/_trace.erb (8.7ms)
  Rendered /home/camila/.rvm/gems/ruby-1.9.3-p484/gems/actionpack-4.0.2/lib/action_dispatch/middleware/templates/routes/_route.html.erb (1.8ms)
  Rendered /home/camila/.rvm/gems/ruby-1.9.3-p484/gems/actionpack-4.0.2/lib/action_dispatch/middleware/templates/routes/_table.html.erb (25.9ms)
  Rendered /home/camila/.rvm/gems/ruby-1.9.3-p484/gems/actionpack-4.0.2/lib/action_dispatch/middleware/templates/rescues/routing_error.erb within rescues/layout (230.4ms)


Started GET "/" for 127.0.0.1 at 2014-01-04 15:51:56 -0200
Processing by WelcomeController#index as HTML
  Rendered welcome/index.html.erb within layouts/application (20.2ms)
Completed 200 OK in 2149ms (Views: 2045.2ms | ActiveRecord: 0.0ms)


Started GET "/assets/application.css?body=1" for 127.0.0.1 at 2014-01-04 15:52:02 -0200


Started GET "/assets/turbolinks.js?body=1" for 127.0.0.1 at 2014-01-04 15:52:02 -0200


Started GET "/assets/jquery_ujs.js?body=1" for 127.0.0.1 at 2014-01-04 15:52:02 -0200


Started GET "/assets/jquery.js?body=1" for 127.0.0.1 at 2014-01-04 15:52:02 -0200


Started GET "/assets/welcome.css?body=1" for 127.0.0.1 at 2014-01-04 15:52:02 -0200


Started GET "/assets/application.js?body=1" for 127.0.0.1 at 2014-01-04 15:52:02 -0200


Started GET "/assets/welcome.js?body=1" for 127.0.0.1 at 2014-01-04 15:52:03 -0200


Started GET "/welcome/index" for 127.0.0.1 at 2014-01-04 15:52:12 -0200
Processing by WelcomeController#index as HTML
  Rendered welcome/index.html.erb within layouts/application (0.2ms)
Completed 200 OK in 24ms (Views: 22.5ms | ActiveRecord: 0.0ms)


Started GET "/assets/application.css?body=1" for 127.0.0.1 at 2014-01-04 15:52:13 -0200


Started GET "/assets/welcome.css?body=1" for 127.0.0.1 at 2014-01-04 15:52:13 -0200


Started GET "/assets/welcome.js?body=1" for 127.0.0.1 at 2014-01-04 15:52:13 -0200


Started GET "/assets/jquery.js?body=1" for 127.0.0.1 at 2014-01-04 15:52:13 -0200


Started GET "/assets/turbolinks.js?body=1" for 127.0.0.1 at 2014-01-04 15:52:13 -0200


Started GET "/assets/jquery_ujs.js?body=1" for 127.0.0.1 at 2014-01-04 15:52:13 -0200


Started GET "/assets/application.js?body=1" for 127.0.0.1 at 2014-01-04 15:52:13 -0200


Started GET "/welcome/index" for 127.0.0.1 at 2014-01-04 15:53:02 -0200

ActionController::RoutingError (No route matches [GET] "/welcome/index"):
  actionpack (4.0.2) lib/action_dispatch/middleware/debug_exceptions.rb:21:in `call'
  actionpack (4.0.2) lib/action_dispatch/middleware/show_exceptions.rb:30:in `call'
  railties (4.0.2) lib/rails/rack/logger.rb:38:in `call_app'
  railties (4.0.2) lib/rails/rack/logger.rb:20:in `block in call'
  activesupport (4.0.2) lib/active_support/tagged_logging.rb:67:in `block in tagged'
  activesupport (4.0.2) lib/active_support/tagged_logging.rb:25:in `tagged'
  activesupport (4.0.2) lib/active_support/tagged_logging.rb:67:in `tagged'
  railties (4.0.2) lib/rails/rack/logger.rb:20:in `call'
  actionpack (4.0.2) lib/action_dispatch/middleware/request_id.rb:21:in `call'
  rack (1.5.2) lib/rack/methodoverride.rb:21:in `call'
  rack (1.5.2) lib/rack/runtime.rb:17:in `call'
  activesupport (4.0.2) lib/active_support/cache/strategy/local_cache.rb:83:in `call'
  rack (1.5.2) lib/rack/lock.rb:17:in `call'
  actionpack (4.0.2) lib/action_dispatch/middleware/static.rb:64:in `call'
  rack (1.5.2) lib/rack/sendfile.rb:112:in `call'
  railties (4.0.2) lib/rails/engine.rb:511:in `call'
  railties (4.0.2) lib/rails/application.rb:97:in `call'
  rack (1.5.2) lib/rack/lock.rb:17:in `call'
  rack (1.5.2) lib/rack/content_length.rb:14:in `call'
  rack (1.5.2) lib/rack/handler/webrick.rb:60:in `service'
  /home/camila/.rvm/rubies/ruby-1.9.3-p484/lib/ruby/1.9.1/webrick/httpserver.rb:138:in `service'
  /home/camila/.rvm/rubies/ruby-1.9.3-p484/lib/ruby/1.9.1/webrick/httpserver.rb:94:in `run'
  /home/camila/.rvm/rubies/ruby-1.9.3-p484/lib/ruby/1.9.1/webrick/server.rb:191:in `block in start_thread'


  Rendered /home/camila/.rvm/gems/ruby-1.9.3-p484/gems/actionpack-4.0.2/lib/action_dispatch/middleware/templates/rescues/_trace.erb (2.7ms)
  Rendered /home/camila/.rvm/gems/ruby-1.9.3-p484/gems/actionpack-4.0.2/lib/action_dispatch/middleware/templates/routes/_route.html.erb (1.6ms)
  Rendered /home/camila/.rvm/gems/ruby-1.9.3-p484/gems/actionpack-4.0.2/lib/action_dispatch/middleware/templates/routes/_table.html.erb (140.2ms)
  Rendered /home/camila/.rvm/gems/ruby-1.9.3-p484/gems/actionpack-4.0.2/lib/action_dispatch/middleware/templates/rescues/routing_error.erb within rescues/layout (251.3ms)


Started GET "/" for 127.0.0.1 at 2014-01-04 15:53:09 -0200
Processing by WelcomeController#index as HTML
  Rendered welcome/index.html.erb within layouts/application (0.9ms)
Completed 200 OK in 160ms (Views: 75.8ms | ActiveRecord: 0.0ms)


Started GET "/assets/application.css?body=1" for 127.0.0.1 at 2014-01-04 15:53:09 -0200


Started GET "/assets/welcome.css?body=1" for 127.0.0.1 at 2014-01-04 15:53:09 -0200


Started GET "/assets/welcome.js?body=1" for 127.0.0.1 at 2014-01-04 15:53:10 -0200


Started GET "/assets/turbolinks.js?body=1" for 127.0.0.1 at 2014-01-04 15:53:10 -0200


Started GET "/assets/jquery_ujs.js?body=1" for 127.0.0.1 at 2014-01-04 15:53:10 -0200


Started GET "/assets/jquery.js?body=1" for 127.0.0.1 at 2014-01-04 15:53:10 -0200


Started GET "/assets/application.js?body=1" for 127.0.0.1 at 2014-01-04 15:53:10 -0200


Started GET "/" for 127.0.0.1 at 2014-01-04 16:00:40 -0200
Processing by WelcomeController#index as HTML
  Rendered welcome/index.html.erb within layouts/application (14.8ms)
Completed 200 OK in 252ms (Views: 195.6ms | ActiveRecord: 0.0ms)


Started GET "/assets/application.css?body=1" for 127.0.0.1 at 2014-01-04 16:00:42 -0200


Started GET "/assets/welcome.css?body=1" for 127.0.0.1 at 2014-01-04 16:00:42 -0200


Started GET "/assets/jquery_ujs.js?body=1" for 127.0.0.1 at 2014-01-04 16:00:42 -0200


Started GET "/assets/jquery.js?body=1" for 127.0.0.1 at 2014-01-04 16:00:42 -0200


Started GET "/assets/turbolinks.js?body=1" for 127.0.0.1 at 2014-01-04 16:00:42 -0200


Started GET "/assets/application.js?body=1" for 127.0.0.1 at 2014-01-04 16:00:42 -0200


Started GET "/assets/welcome.js?body=1" for 127.0.0.1 at 2014-01-04 16:00:42 -0200


Started GET "/posts/show" for 127.0.0.1 at 2014-01-04 16:01:23 -0200

ActionController::RoutingError (uninitialized constant PostsController):
  activesupport (4.0.2) lib/active_support/inflector/methods.rb:226:in `const_get'
  activesupport (4.0.2) lib/active_support/inflector/methods.rb:226:in `block in constantize'
  activesupport (4.0.2) lib/active_support/inflector/methods.rb:224:in `each'
  activesupport (4.0.2) lib/active_support/inflector/methods.rb:224:in `inject'
  activesupport (4.0.2) lib/active_support/inflector/methods.rb:224:in `constantize'
  actionpack (4.0.2) lib/action_dispatch/routing/route_set.rb:76:in `controller_reference'
  actionpack (4.0.2) lib/action_dispatch/routing/route_set.rb:66:in `controller'
  actionpack (4.0.2) lib/action_dispatch/routing/route_set.rb:44:in `call'
  actionpack (4.0.2) lib/action_dispatch/journey/router.rb:71:in `block in call'
  actionpack (4.0.2) lib/action_dispatch/journey/router.rb:59:in `each'
  actionpack (4.0.2) lib/action_dispatch/journey/router.rb:59:in `call'
  actionpack (4.0.2) lib/action_dispatch/routing/route_set.rb:680:in `call'
  rack (1.5.2) lib/rack/etag.rb:23:in `call'
  rack (1.5.2) lib/rack/conditionalget.rb:25:in `call'
  rack (1.5.2) lib/rack/head.rb:11:in `call'
  actionpack (4.0.2) lib/action_dispatch/middleware/params_parser.rb:27:in `call'
  actionpack (4.0.2) lib/action_dispatch/middleware/flash.rb:241:in `call'
  rack (1.5.2) lib/rack/session/abstract/id.rb:225:in `context'
  rack (1.5.2) lib/rack/session/abstract/id.rb:220:in `call'
  actionpack (4.0.2) lib/action_dispatch/middleware/cookies.rb:486:in `call'
  activerecord (4.0.2) lib/active_record/query_cache.rb:36:in `call'
  activerecord (4.0.2) lib/active_record/connection_adapters/abstract/connection_pool.rb:626:in `call'
  activerecord (4.0.2) lib/active_record/migration.rb:369:in `call'
  actionpack (4.0.2) lib/action_dispatch/middleware/callbacks.rb:29:in `block in call'
  activesupport (4.0.2) lib/active_support/callbacks.rb:373:in `_run__646335799__call__callbacks'
  activesupport (4.0.2) lib/active_support/callbacks.rb:80:in `run_callbacks'
  actionpack (4.0.2) lib/action_dispatch/middleware/callbacks.rb:27:in `call'
  actionpack (4.0.2) lib/action_dispatch/middleware/reloader.rb:64:in `call'
  actionpack (4.0.2) lib/action_dispatch/middleware/remote_ip.rb:76:in `call'
  actionpack (4.0.2) lib/action_dispatch/middleware/debug_exceptions.rb:17:in `call'
  actionpack (4.0.2) lib/action_dispatch/middleware/show_exceptions.rb:30:in `call'
  railties (4.0.2) lib/rails/rack/logger.rb:38:in `call_app'
  railties (4.0.2) lib/rails/rack/logger.rb:20:in `block in call'
  activesupport (4.0.2) lib/active_support/tagged_logging.rb:67:in `block in tagged'
  activesupport (4.0.2) lib/active_support/tagged_logging.rb:25:in `tagged'
  activesupport (4.0.2) lib/active_support/tagged_logging.rb:67:in `tagged'
  railties (4.0.2) lib/rails/rack/logger.rb:20:in `call'
  actionpack (4.0.2) lib/action_dispatch/middleware/request_id.rb:21:in `call'
  rack (1.5.2) lib/rack/methodoverride.rb:21:in `call'
  rack (1.5.2) lib/rack/runtime.rb:17:in `call'
  activesupport (4.0.2) lib/active_support/cache/strategy/local_cache.rb:83:in `call'
  rack (1.5.2) lib/rack/lock.rb:17:in `call'
  actionpack (4.0.2) lib/action_dispatch/middleware/static.rb:64:in `call'
  rack (1.5.2) lib/rack/sendfile.rb:112:in `call'
  railties (4.0.2) lib/rails/engine.rb:511:in `call'
  railties (4.0.2) lib/rails/application.rb:97:in `call'
  rack (1.5.2) lib/rack/lock.rb:17:in `call'
  rack (1.5.2) lib/rack/content_length.rb:14:in `call'
  rack (1.5.2) lib/rack/handler/webrick.rb:60:in `service'
  /home/camila/.rvm/rubies/ruby-1.9.3-p484/lib/ruby/1.9.1/webrick/httpserver.rb:138:in `service'
  /home/camila/.rvm/rubies/ruby-1.9.3-p484/lib/ruby/1.9.1/webrick/httpserver.rb:94:in `run'
  /home/camila/.rvm/rubies/ruby-1.9.3-p484/lib/ruby/1.9.1/webrick/server.rb:191:in `block in start_thread'


  Rendered /home/camila/.rvm/gems/ruby-1.9.3-p484/gems/actionpack-4.0.2/lib/action_dispatch/middleware/templates/rescues/_trace.erb (2.4ms)
  Rendered /home/camila/.rvm/gems/ruby-1.9.3-p484/gems/actionpack-4.0.2/lib/action_dispatch/middleware/templates/routes/_route.html.erb (2.5ms)
  Rendered /home/camila/.rvm/gems/ruby-1.9.3-p484/gems/actionpack-4.0.2/lib/action_dispatch/middleware/templates/routes/_table.html.erb (98.4ms)
  Rendered /home/camila/.rvm/gems/ruby-1.9.3-p484/gems/actionpack-4.0.2/lib/action_dispatch/middleware/templates/rescues/routing_error.erb within rescues/layout (216.9ms)
