# Logfile created on 2014-01-08 23:56:05 -0200 by logger.rb/44203
I, [2014-01-08T23:56:05.274159 #21918]  INFO -- : 0:  rake (10.1.1) from /home/fernando/.rvm/gems/ruby-2.1.0@toxstock/specifications/rake-10.1.1.gemspec
I, [2014-01-08T23:56:13.913036 #21918]  INFO -- : 0:  i18n (0.6.9) from /home/fernando/.rvm/gems/ruby-2.1.0@toxstock/specifications/i18n-0.6.9.gemspec
I, [2014-01-08T23:56:13.913653 #21918]  INFO -- : 0:  minitest (4.7.5) from /home/fernando/.rvm/rubies/ruby-2.1.0/lib/ruby/gems/2.1.0/specifications/default/minitest-4.7.5.gemspec
I, [2014-01-08T23:56:17.171523 #21918]  INFO -- : 0:  multi_json (1.8.2) from /home/fernando/.rvm/gems/ruby-2.1.0@toxstock/specifications/multi_json-1.8.2.gemspec
I, [2014-01-08T23:56:22.182685 #21918]  INFO -- : 0:  atomic (1.1.14) from /home/fernando/.rvm/gems/ruby-2.1.0@toxstock/specifications/atomic-1.1.14.gemspec
I, [2014-01-08T23:56:26.012486 #21918]  INFO -- : 0:  thread_safe (0.1.3) from /home/fernando/.rvm/gems/ruby-2.1.0@toxstock/specifications/thread_safe-0.1.3.gemspec
I, [2014-01-08T23:56:30.376685 #21918]  INFO -- : 0:  tzinfo (0.3.38) from /home/fernando/.rvm/gems/ruby-2.1.0@toxstock/specifications/tzinfo-0.3.38.gemspec
I, [2014-01-08T23:56:34.730162 #21918]  INFO -- : 0:  activesupport (4.0.2) from /home/fernando/.rvm/gems/ruby-2.1.0@toxstock/specifications/activesupport-4.0.2.gemspec
I, [2014-01-08T23:56:37.522128 #21918]  INFO -- : 0:  builder (3.1.4) from /home/fernando/.rvm/gems/ruby-2.1.0@toxstock/specifications/builder-3.1.4.gemspec
I, [2014-01-08T23:56:41.121924 #21918]  INFO -- : 0:  erubis (2.7.0) from /home/fernando/.rvm/gems/ruby-2.1.0@toxstock/specifications/erubis-2.7.0.gemspec
I, [2014-01-08T23:56:45.564261 #21918]  INFO -- : 0:  rack (1.5.2) from /home/fernando/.rvm/gems/ruby-2.1.0@toxstock/specifications/rack-1.5.2.gemspec
I, [2014-01-08T23:56:48.434490 #21918]  INFO -- : 0:  rack-test (0.6.2) from /home/fernando/.rvm/gems/ruby-2.1.0@toxstock/specifications/rack-test-0.6.2.gemspec
I, [2014-01-08T23:56:53.830231 #21918]  INFO -- : 0:  actionpack (4.0.2) from /home/fernando/.rvm/gems/ruby-2.1.0@toxstock/specifications/actionpack-4.0.2.gemspec
I, [2014-01-08T23:57:01.210318 #21918]  INFO -- : 0:  mime-types (1.25.1) from /home/fernando/.rvm/gems/ruby-2.1.0@toxstock/specifications/mime-types-1.25.1.gemspec
I, [2014-01-08T23:57:04.808976 #21918]  INFO -- : 0:  polyglot (0.3.3) from /home/fernando/.rvm/gems/ruby-2.1.0@toxstock/specifications/polyglot-0.3.3.gemspec
I, [2014-01-08T23:57:09.306718 #21918]  INFO -- : 0:  treetop (1.4.15) from /home/fernando/.rvm/gems/ruby-2.1.0@toxstock/specifications/treetop-1.4.15.gemspec
I, [2014-01-08T23:57:13.102053 #21918]  INFO -- : 0:  mail (2.5.4) from /home/fernando/.rvm/gems/ruby-2.1.0@toxstock/specifications/mail-2.5.4.gemspec
I, [2014-01-08T23:57:16.307885 #21918]  INFO -- : 0:  actionmailer (4.0.2) from /home/fernando/.rvm/gems/ruby-2.1.0@toxstock/specifications/actionmailer-4.0.2.gemspec
I, [2014-01-08T23:57:19.714704 #21918]  INFO -- : 0:  activemodel (4.0.2) from /home/fernando/.rvm/gems/ruby-2.1.0@toxstock/specifications/activemodel-4.0.2.gemspec
I, [2014-01-08T23:57:22.473158 #21918]  INFO -- : 0:  activerecord-deprecated_finders (1.0.3) from /home/fernando/.rvm/gems/ruby-2.1.0@toxstock/specifications/activerecord-deprecated_finders-1.0.3.gemspec
I, [2014-01-08T23:57:25.901940 #21918]  INFO -- : 0:  arel (4.0.1) from /home/fernando/.rvm/gems/ruby-2.1.0@toxstock/specifications/arel-4.0.1.gemspec
I, [2014-01-08T23:57:29.876737 #21918]  INFO -- : 0:  activerecord (4.0.2) from /home/fernando/.rvm/gems/ruby-2.1.0@toxstock/specifications/activerecord-4.0.2.gemspec
I, [2014-01-08T23:57:32.690174 #21918]  INFO -- : 0:  coffee-script-source (1.6.3) from /home/fernando/.rvm/gems/ruby-2.1.0@toxstock/specifications/coffee-script-source-1.6.3.gemspec
I, [2014-01-08T23:57:35.494052 #21918]  INFO -- : 0:  execjs (2.0.2) from /home/fernando/.rvm/gems/ruby-2.1.0@toxstock/specifications/execjs-2.0.2.gemspec
I, [2014-01-08T23:57:38.031938 #21918]  INFO -- : 0:  coffee-script (2.2.0) from /home/fernando/.rvm/gems/ruby-2.1.0@toxstock/specifications/coffee-script-2.2.0.gemspec
I, [2014-01-08T23:57:41.015000 #21918]  INFO -- : 0:  thor (0.18.1) from /home/fernando/.rvm/gems/ruby-2.1.0@toxstock/specifications/thor-0.18.1.gemspec
I, [2014-01-08T23:57:44.888213 #21918]  INFO -- : 0:  railties (4.0.2) from /home/fernando/.rvm/gems/ruby-2.1.0@toxstock/specifications/railties-4.0.2.gemspec
I, [2014-01-08T23:57:47.615918 #21918]  INFO -- : 0:  coffee-rails (4.0.1) from /home/fernando/.rvm/gems/ruby-2.1.0@toxstock/specifications/coffee-rails-4.0.1.gemspec
I, [2014-01-08T23:57:50.385817 #21918]  INFO -- : 0:  hike (1.2.3) from /home/fernando/.rvm/gems/ruby-2.1.0@toxstock/specifications/hike-1.2.3.gemspec
I, [2014-01-08T23:57:53.378905 #21918]  INFO -- : 0:  jbuilder (1.5.3) from /home/fernando/.rvm/gems/ruby-2.1.0@toxstock/specifications/jbuilder-1.5.3.gemspec
I, [2014-01-08T23:57:56.782434 #21918]  INFO -- : 0:  jquery-rails (3.0.4) from /home/fernando/.rvm/gems/ruby-2.1.0@toxstock/specifications/jquery-rails-3.0.4.gemspec
I, [2014-01-08T23:57:56.783033 #21918]  INFO -- : 0:  json (1.8.1) from /home/fernando/.rvm/rubies/ruby-2.1.0/lib/ruby/gems/2.1.0/specifications/default/json-1.8.1.gemspec
I, [2014-01-08T23:58:05.826169 #21918]  INFO -- : 0:  libv8 (3.16.14.3) from /home/fernando/.rvm/gems/ruby-2.1.0@toxstock/specifications/libv8-3.16.14.3-x86_64-linux.gemspec
E, [2014-01-08T23:58:10.431400 #21918] ERROR -- : Gem::Ext::BuildError: ERROR: Failed to build gem native extension.

    /home/fernando/.rvm/rubies/ruby-2.1.0/bin/ruby extconf.rb 
checking for pg_config... yes
Using config values from /usr/bin/pg_config
You need to install postgresql-server-dev-X.Y for building a server-side extension or libpq-dev for building a client-side application.
You need to install postgresql-server-dev-X.Y for building a server-side extension or libpq-dev for building a client-side application.
checking for libpq-fe.h... no
Can't find the 'libpq-fe.h header
*** extconf.rb failed ***
Could not create Makefile due to some reason, probably lack of necessary
libraries and/or headers.  Check the mkmf.log file for more details.  You may
need configuration options.

Provided configuration options:
	--with-opt-dir
	--without-opt-dir
	--with-opt-include
	--without-opt-include=${opt-dir}/include
	--with-opt-lib
	--without-opt-lib=${opt-dir}/lib
	--with-make-prog
	--without-make-prog
	--srcdir=.
	--curdir
	--ruby=/home/fernando/.rvm/rubies/ruby-2.1.0/bin/ruby
	--with-pg
	--without-pg
	--with-pg-config
	--without-pg-config
	--with-pg_config
	--without-pg_config
	--with-pg-dir
	--without-pg-dir
	--with-pg-include
	--without-pg-include=${pg-dir}/include
	--with-pg-lib
	--without-pg-lib=${pg-dir}/lib

extconf failed, exit code 1

Gem files will remain installed in /home/fernando/.rvm/gems/ruby-2.1.0@toxstock/gems/pg-0.17.1 for inspection.
Results logged to /home/fernando/.rvm/gems/ruby-2.1.0@toxstock/extensions/x86_64-linux/2.1.0/pg-0.17.1/gem_make.out

/home/fernando/.rvm/rubies/ruby-2.1.0/lib/ruby/site_ruby/2.1.0/rubygems/ext/builder.rb:89:in `run'  \n/home/fernando/.rvm/rubies/ruby-2.1.0/lib/ruby/site_ruby/2.1.0/rubygems/ext/ext_conf_builder.rb:37:in `block in build'  \n/home/fernando/.rvm/rubies/ruby-2.1.0/lib/ruby/2.1.0/tempfile.rb:324:in `open'  \n/home/fernando/.rvm/rubies/ruby-2.1.0/lib/ruby/site_ruby/2.1.0/rubygems/ext/ext_conf_builder.rb:17:in `build'  \n/home/fernando/.rvm/rubies/ruby-2.1.0/lib/ruby/site_ruby/2.1.0/rubygems/ext/builder.rb:161:in `block (2 levels) in build_extension'  \n/home/fernando/.rvm/rubies/ruby-2.1.0/lib/ruby/site_ruby/2.1.0/rubygems/ext/builder.rb:160:in `chdir'  \n/home/fernando/.rvm/rubies/ruby-2.1.0/lib/ruby/site_ruby/2.1.0/rubygems/ext/builder.rb:160:in `block in build_extension'  \n/home/fernando/.rvm/rubies/ruby-2.1.0/lib/ruby/site_ruby/2.1.0/rubygems/ext/builder.rb:159:in `synchronize'  \n/home/fernando/.rvm/rubies/ruby-2.1.0/lib/ruby/site_ruby/2.1.0/rubygems/ext/builder.rb:159:in `build_extension'  \n/home/fernando/.rvm/rubies/ruby-2.1.0/lib/ruby/site_ruby/2.1.0/rubygems/ext/builder.rb:198:in `block in build_extensions'  \n/home/fernando/.rvm/rubies/ruby-2.1.0/lib/ruby/site_ruby/2.1.0/rubygems/ext/builder.rb:195:in `each'  \n/home/fernando/.rvm/rubies/ruby-2.1.0/lib/ruby/site_ruby/2.1.0/rubygems/ext/builder.rb:195:in `build_extensions'  \n/home/fernando/.rvm/rubies/ruby-2.1.0/lib/ruby/site_ruby/2.1.0/rubygems/installer.rb:677:in `build_extensions'  \n/home/fernando/.rvm/rubies/ruby-2.1.0/lib/ruby/site_ruby/2.1.0/rubygems/installer.rb:232:in `install'  \n/home/fernando/.rvm/gems/ruby-2.1.0@global/gems/bundler-1.5.1/lib/bundler/source/rubygems.rb:101:in `block in install'  \n/home/fernando/.rvm/gems/ruby-2.1.0@global/gems/bundler-1.5.1/lib/bundler/rubygems_integration.rb:118:in `preserve_paths'  \n/home/fernando/.rvm/gems/ruby-2.1.0@global/gems/bundler-1.5.1/lib/bundler/source/rubygems.rb:94:in `install'  \n/home/fernando/.rvm/gems/ruby-2.1.0@global/gems/bundler-1.5.1/lib/bundler/installer.rb:111:in `block in install_gem_from_spec'  \n/home/fernando/.rvm/gems/ruby-2.1.0@global/gems/bundler-1.5.1/lib/bundler/rubygems_integration.rb:150:in `with_build_args'  \n/home/fernando/.rvm/gems/ruby-2.1.0@global/gems/bundler-1.5.1/lib/bundler/installer.rb:110:in `install_gem_from_spec'  \n/home/fernando/.rvm/gems/ruby-2.1.0@global/gems/bundler-1.5.1/lib/bundler/installer.rb:295:in `block in install_sequentially'  \n/home/fernando/.rvm/rubies/ruby-2.1.0/lib/ruby/2.1.0/forwardable.rb:183:in `each'  \n/home/fernando/.rvm/rubies/ruby-2.1.0/lib/ruby/2.1.0/forwardable.rb:183:in `each'  \n/home/fernando/.rvm/gems/ruby-2.1.0@global/gems/bundler-1.5.1/lib/bundler/installer.rb:294:in `install_sequentially'  \n/home/fernando/.rvm/gems/ruby-2.1.0@global/gems/bundler-1.5.1/lib/bundler/installer.rb:97:in `run'  \n/home/fernando/.rvm/gems/ruby-2.1.0@global/gems/bundler-1.5.1/lib/bundler/installer.rb:15:in `install'  \n/home/fernando/.rvm/gems/ruby-2.1.0@global/gems/bundler-1.5.1/lib/bundler/cli.rb:257:in `install'  \n/home/fernando/.rvm/gems/ruby-2.1.0@global/gems/bundler-1.5.1/lib/bundler/vendor/thor/command.rb:27:in `run'  \n/home/fernando/.rvm/gems/ruby-2.1.0@global/gems/bundler-1.5.1/lib/bundler/vendor/thor/invocation.rb:120:in `invoke_command'  \n/home/fernando/.rvm/gems/ruby-2.1.0@global/gems/bundler-1.5.1/lib/bundler/vendor/thor.rb:363:in `dispatch'  \n/home/fernando/.rvm/gems/ruby-2.1.0@global/gems/bundler-1.5.1/lib/bundler/vendor/thor/base.rb:438:in `start'  \n/home/fernando/.rvm/gems/ruby-2.1.0@global/gems/bundler-1.5.1/lib/bundler/cli.rb:10:in `start'  \n/home/fernando/.rvm/gems/ruby-2.1.0@global/gems/bundler-1.5.1/bin/bundle:22:in `block in <top (required)>'  \n/home/fernando/.rvm/gems/ruby-2.1.0@global/gems/bundler-1.5.1/lib/bundler/friendly_errors.rb:5:in `with_friendly_errors'  \n/home/fernando/.rvm/gems/ruby-2.1.0@global/gems/bundler-1.5.1/bin/bundle:22:in `<top (required)>'  \n/home/fernando/.rvm/gems/ruby-2.1.0@global/bin/bundle:23:in `load'  \n/home/fernando/.rvm/gems/ruby-2.1.0@global/bin/bundle:23:in `<main>'  \n/home/fernando/.rvm/gems/ruby-2.1.0@global/bin/ruby_executable_hooks:15:in `eval'  \n/home/fernando/.rvm/gems/ruby-2.1.0@global/bin/ruby_executable_hooks:15:in `<main>'
I, [2014-01-09T00:00:51.079761 #24113]  INFO -- : 0:  rake (10.1.1) from /home/fernando/.rvm/gems/ruby-2.1.0@toxstock/specifications/rake-10.1.1.gemspec
I, [2014-01-09T00:00:51.080393 #24113]  INFO -- : 0:  i18n (0.6.9) from /home/fernando/.rvm/gems/ruby-2.1.0@toxstock/specifications/i18n-0.6.9.gemspec
I, [2014-01-09T00:00:51.080789 #24113]  INFO -- : 0:  minitest (4.7.5) from /home/fernando/.rvm/rubies/ruby-2.1.0/lib/ruby/gems/2.1.0/specifications/default/minitest-4.7.5.gemspec
I, [2014-01-09T00:00:51.081188 #24113]  INFO -- : 0:  multi_json (1.8.2) from /home/fernando/.rvm/gems/ruby-2.1.0@toxstock/specifications/multi_json-1.8.2.gemspec
I, [2014-01-09T00:00:51.081567 #24113]  INFO -- : 0:  atomic (1.1.14) from /home/fernando/.rvm/gems/ruby-2.1.0@toxstock/specifications/atomic-1.1.14.gemspec
I, [2014-01-09T00:00:51.081981 #24113]  INFO -- : 0:  thread_safe (0.1.3) from /home/fernando/.rvm/gems/ruby-2.1.0@toxstock/specifications/thread_safe-0.1.3.gemspec
I, [2014-01-09T00:00:51.082415 #24113]  INFO -- : 0:  tzinfo (0.3.38) from /home/fernando/.rvm/gems/ruby-2.1.0@toxstock/specifications/tzinfo-0.3.38.gemspec
I, [2014-01-09T00:00:51.082816 #24113]  INFO -- : 0:  activesupport (4.0.2) from /home/fernando/.rvm/gems/ruby-2.1.0@toxstock/specifications/activesupport-4.0.2.gemspec
I, [2014-01-09T00:00:51.083199 #24113]  INFO -- : 0:  builder (3.1.4) from /home/fernando/.rvm/gems/ruby-2.1.0@toxstock/specifications/builder-3.1.4.gemspec
I, [2014-01-09T00:00:51.083592 #24113]  INFO -- : 0:  erubis (2.7.0) from /home/fernando/.rvm/gems/ruby-2.1.0@toxstock/specifications/erubis-2.7.0.gemspec
I, [2014-01-09T00:00:51.083976 #24113]  INFO -- : 0:  rack (1.5.2) from /home/fernando/.rvm/gems/ruby-2.1.0@toxstock/specifications/rack-1.5.2.gemspec
I, [2014-01-09T00:00:51.084372 #24113]  INFO -- : 0:  rack-test (0.6.2) from /home/fernando/.rvm/gems/ruby-2.1.0@toxstock/specifications/rack-test-0.6.2.gemspec
I, [2014-01-09T00:00:51.084758 #24113]  INFO -- : 0:  actionpack (4.0.2) from /home/fernando/.rvm/gems/ruby-2.1.0@toxstock/specifications/actionpack-4.0.2.gemspec
I, [2014-01-09T00:00:51.085151 #24113]  INFO -- : 0:  mime-types (1.25.1) from /home/fernando/.rvm/gems/ruby-2.1.0@toxstock/specifications/mime-types-1.25.1.gemspec
I, [2014-01-09T00:00:51.085544 #24113]  INFO -- : 0:  polyglot (0.3.3) from /home/fernando/.rvm/gems/ruby-2.1.0@toxstock/specifications/polyglot-0.3.3.gemspec
I, [2014-01-09T00:00:51.085923 #24113]  INFO -- : 0:  treetop (1.4.15) from /home/fernando/.rvm/gems/ruby-2.1.0@toxstock/specifications/treetop-1.4.15.gemspec
I, [2014-01-09T00:00:51.086320 #24113]  INFO -- : 0:  mail (2.5.4) from /home/fernando/.rvm/gems/ruby-2.1.0@toxstock/specifications/mail-2.5.4.gemspec
I, [2014-01-09T00:00:51.086704 #24113]  INFO -- : 0:  actionmailer (4.0.2) from /home/fernando/.rvm/gems/ruby-2.1.0@toxstock/specifications/actionmailer-4.0.2.gemspec
I, [2014-01-09T00:00:51.087094 #24113]  INFO -- : 0:  activemodel (4.0.2) from /home/fernando/.rvm/gems/ruby-2.1.0@toxstock/specifications/activemodel-4.0.2.gemspec
I, [2014-01-09T00:00:51.087579 #24113]  INFO -- : 0:  activerecord-deprecated_finders (1.0.3) from /home/fernando/.rvm/gems/ruby-2.1.0@toxstock/specifications/activerecord-deprecated_finders-1.0.3.gemspec
I, [2014-01-09T00:00:51.088068 #24113]  INFO -- : 0:  arel (4.0.1) from /home/fernando/.rvm/gems/ruby-2.1.0@toxstock/specifications/arel-4.0.1.gemspec
I, [2014-01-09T00:00:51.088625 #24113]  INFO -- : 0:  activerecord (4.0.2) from /home/fernando/.rvm/gems/ruby-2.1.0@toxstock/specifications/activerecord-4.0.2.gemspec
I, [2014-01-09T00:00:51.089155 #24113]  INFO -- : 0:  coffee-script-source (1.6.3) from /home/fernando/.rvm/gems/ruby-2.1.0@toxstock/specifications/coffee-script-source-1.6.3.gemspec
I, [2014-01-09T00:00:51.089741 #24113]  INFO -- : 0:  execjs (2.0.2) from /home/fernando/.rvm/gems/ruby-2.1.0@toxstock/specifications/execjs-2.0.2.gemspec
I, [2014-01-09T00:00:51.090372 #24113]  INFO -- : 0:  coffee-script (2.2.0) from /home/fernando/.rvm/gems/ruby-2.1.0@toxstock/specifications/coffee-script-2.2.0.gemspec
I, [2014-01-09T00:00:51.090932 #24113]  INFO -- : 0:  thor (0.18.1) from /home/fernando/.rvm/gems/ruby-2.1.0@toxstock/specifications/thor-0.18.1.gemspec
I, [2014-01-09T00:00:51.091281 #24113]  INFO -- : 0:  railties (4.0.2) from /home/fernando/.rvm/gems/ruby-2.1.0@toxstock/specifications/railties-4.0.2.gemspec
I, [2014-01-09T00:00:51.091617 #24113]  INFO -- : 0:  coffee-rails (4.0.1) from /home/fernando/.rvm/gems/ruby-2.1.0@toxstock/specifications/coffee-rails-4.0.1.gemspec
I, [2014-01-09T00:00:51.091954 #24113]  INFO -- : 0:  hike (1.2.3) from /home/fernando/.rvm/gems/ruby-2.1.0@toxstock/specifications/hike-1.2.3.gemspec
I, [2014-01-09T00:00:51.092288 #24113]  INFO -- : 0:  jbuilder (1.5.3) from /home/fernando/.rvm/gems/ruby-2.1.0@toxstock/specifications/jbuilder-1.5.3.gemspec
I, [2014-01-09T00:00:51.092659 #24113]  INFO -- : 0:  jquery-rails (3.0.4) from /home/fernando/.rvm/gems/ruby-2.1.0@toxstock/specifications/jquery-rails-3.0.4.gemspec
I, [2014-01-09T00:00:51.093025 #24113]  INFO -- : 0:  json (1.8.1) from /home/fernando/.rvm/rubies/ruby-2.1.0/lib/ruby/gems/2.1.0/specifications/default/json-1.8.1.gemspec
I, [2014-01-09T00:00:51.093387 #24113]  INFO -- : 0:  libv8 (3.16.14.3) from /home/fernando/.rvm/gems/ruby-2.1.0@toxstock/specifications/libv8-3.16.14.3-x86_64-linux.gemspec
I, [2014-01-09T00:00:51.093711 #24113]  INFO -- : 0:  pg (0.17.1) from /home/fernando/.rvm/gems/ruby-2.1.0@toxstock/specifications/pg-0.17.1.gemspec
I, [2014-01-09T00:00:51.094020 #24113]  INFO -- : 0:  bundler (1.5.1) from /home/fernando/.rvm/gems/ruby-2.1.0@global/specifications/bundler-1.5.1.gemspec
I, [2014-01-09T00:00:53.854668 #24113]  INFO -- : 0:  tilt (1.4.1) from /home/fernando/.rvm/gems/ruby-2.1.0@toxstock/specifications/tilt-1.4.1.gemspec
I, [2014-01-09T00:00:57.226117 #24113]  INFO -- : 0:  sprockets (2.10.1) from /home/fernando/.rvm/gems/ruby-2.1.0@toxstock/specifications/sprockets-2.10.1.gemspec
I, [2014-01-09T00:01:00.831287 #24113]  INFO -- : 0:  sprockets-rails (2.0.1) from /home/fernando/.rvm/gems/ruby-2.1.0@toxstock/specifications/sprockets-rails-2.0.1.gemspec
I, [2014-01-09T00:01:06.986501 #24113]  INFO -- : 0:  rails (4.0.2) from /home/fernando/.rvm/gems/ruby-2.1.0@toxstock/specifications/rails-4.0.2.gemspec
I, [2014-01-09T00:01:16.115596 #24113]  INFO -- : 0:  rdoc (3.12.2) from /home/fernando/.rvm/gems/ruby-2.1.0@toxstock/specifications/rdoc-3.12.2.gemspec
I, [2014-01-09T00:01:18.608159 #24113]  INFO -- : 0:  ref (1.0.5) from /home/fernando/.rvm/gems/ruby-2.1.0@toxstock/specifications/ref-1.0.5.gemspec
I, [2014-01-09T00:01:22.274417 #24113]  INFO -- : 0:  sass (3.2.13) from /home/fernando/.rvm/gems/ruby-2.1.0@toxstock/specifications/sass-3.2.13.gemspec
I, [2014-01-09T00:01:25.340728 #24113]  INFO -- : 0:  sass-rails (4.0.1) from /home/fernando/.rvm/gems/ruby-2.1.0@toxstock/specifications/sass-rails-4.0.1.gemspec
I, [2014-01-09T00:01:28.212426 #24113]  INFO -- : 0:  sdoc (0.3.20) from /home/fernando/.rvm/gems/ruby-2.1.0@toxstock/specifications/sdoc-0.3.20.gemspec
I, [2014-01-09T00:01:34.611372 #24113]  INFO -- : 0:  sqlite3 (1.3.8) from /home/fernando/.rvm/gems/ruby-2.1.0@toxstock/specifications/sqlite3-1.3.8.gemspec
I, [2014-01-09T00:01:51.777439 #24113]  INFO -- : 0:  therubyracer (0.12.0) from /home/fernando/.rvm/gems/ruby-2.1.0@toxstock/specifications/therubyracer-0.12.0.gemspec
I, [2014-01-09T00:01:54.257846 #24113]  INFO -- : 0:  turbolinks (2.1.0) from /home/fernando/.rvm/gems/ruby-2.1.0@toxstock/specifications/turbolinks-2.1.0.gemspec
I, [2014-01-09T00:01:57.601416 #24113]  INFO -- : 0:  uglifier (2.4.0) from /home/fernando/.rvm/gems/ruby-2.1.0@toxstock/specifications/uglifier-2.4.0.gemspec
